  test.cpp
test.obj : error LNK2019: 无法解析的外部符号 "public: void __thiscall Sample<int>::selectionsort<class Sample<int>::less<int> >(class Sample<int>::less<int>)" (??$selectionsort@V?$less@H@?$Sample@H@@@?$Sample@H@@QAEXV?$less@H@0@@Z)，函数 "public: void __thiscall Sample<int>::sort(void)" (?sort@?$Sample@H@@QAEXXZ) 中引用了该符号
D:\mycode\c++code\21061231207   test 11_20\Debug\21061231207   test 11_20.exe : fatal error LNK1120: 1 个无法解析的外部命令
